ERROR: Failed to load database properties: .\app\data\database.properties (The system cannot find the path specified)
INFO: Connected to the database.
ERROR: Failed to read bulk-import.csv: .\app\data\bulk-import.csv (The system cannot find the path specified)
ERROR: Failed to generate reports: .\app\data\import-report.md (The system cannot find the path specified)
ERROR: Failed to load database properties: .\app\data\database.properties (The system cannot find the path specified)
INFO: Connected to the database.
ERROR: Failed to read bulk-import.csv: .\app\data\bulk-import.csv (The system cannot find the path specified)
ERROR: Failed to generate reports: .\app\data\import-report.md (The system cannot find the path specified)
ERROR: Failed to load database properties: .\app\data\database.properties (The system cannot find the path specified)
INFO: Connected to the database.
ERROR: Failed to read bulk-import.csv: .\app\data\bulk-import.csv (The system cannot find the path specified)
ERROR: Failed to generate reports: .\app\data\import-report.md (The system cannot find the path specified)
INFO: Loaded database properties.
INFO: Connected to the database.
ERROR: Failed to read bulk-import.csv: .\app\data\bulk-import.csv (The system cannot find the path specified)
ERROR: Failed to generate reports: .\app\data\import-report.md (The system cannot find the path specified)
INFO: Loaded database properties.
INFO: Connected to the database.
DEBUG: Line 3: Invalid studentId - 9861534S2
DEBUG: Line 3: Invalid courseId - mat1101A
DEBUG: Line 3: Invalid year - 2025
WARN: Line 3: Invalid studentId; Invalid courseId; Invalid year; 
DEBUG: Line 4: Invalid studentId - 3215619823
DEBUG: Line 4: Invalid year - 1955
WARN: Line 4: Invalid studentId; Invalid year; 
ERROR: Error adding student: org.cst8288Lab2.domain.Student@672872e1 - Duplicate entry '123546851' for key 'student.PRIMARY'
ERROR: Error adding student: org.cst8288Lab2.domain.Student@32910148 - Duplicate entry '321561982' for key 'student.PRIMARY'
ERROR: Error adding course: org.cst8288Lab2.domain.Course@3f56875e - Duplicate entry 'cst8288' for key 'course.PRIMARY'
ERROR: Error adding course: org.cst8288Lab2.domain.Course@2b4bac49 - Duplicate entry 'cst8288' for key 'course.PRIMARY'
ERROR: Error adding studentCourse: org.cst8288Lab2.domain.StudentCourse@fd07cbb - Duplicate entry '123546851-cst8288' for key 'studentcourse.PRIMARY'
ERROR: Error adding studentCourse: org.cst8288Lab2.domain.StudentCourse@3571b748 - Duplicate entry '321561982-cst8288' for key 'studentcourse.PRIMARY'
ERROR: Failed to generate reports: .\app\data\import-report.md (The system cannot find the path specified)
INFO: Loaded database properties.
INFO: Connected to the database.
DEBUG: Line 3: Invalid studentId - 9861534S2
DEBUG: Line 3: Invalid courseId - mat1101A
DEBUG: Line 3: Invalid year - 2025
WARN: Line 3: Invalid studentId; Invalid courseId; Invalid year; 
DEBUG: Line 4: Invalid studentId - 3215619823
DEBUG: Line 4: Invalid year - 1955
WARN: Line 4: Invalid studentId; Invalid year; 
ERROR: Error adding student: org.cst8288Lab2.domain.Student@672872e1 - Duplicate entry '123546851' for key 'student.PRIMARY'
ERROR: Error adding student: org.cst8288Lab2.domain.Student@32910148 - Duplicate entry '321561982' for key 'student.PRIMARY'
ERROR: Error adding course: org.cst8288Lab2.domain.Course@3f56875e - Duplicate entry 'cst8288' for key 'course.PRIMARY'
ERROR: Error adding course: org.cst8288Lab2.domain.Course@2b4bac49 - Duplicate entry 'cst8288' for key 'course.PRIMARY'
ERROR: Error adding studentCourse: org.cst8288Lab2.domain.StudentCourse@fd07cbb - Duplicate entry '123546851-cst8288' for key 'studentcourse.PRIMARY'
ERROR: Error adding studentCourse: org.cst8288Lab2.domain.StudentCourse@3571b748 - Duplicate entry '321561982-cst8288' for key 'studentcourse.PRIMARY'
INFO: Generated reports.
INFO: Loaded database properties.
INFO: Connected to the database.
DEBUG: Line 3: Invalid studentId - 9861534S2
DEBUG: Line 3: Invalid courseId - mat1101A
DEBUG: Line 3: Invalid year - 2025
WARN: Line 3: Invalid studentId; Invalid courseId; Invalid year; 
DEBUG: Line 4: Invalid studentId - 3215619823
DEBUG: Line 4: Invalid year - 1955
WARN: Line 4: Invalid studentId; Invalid year; 
ERROR: Error adding student: org.cst8288Lab2.domain.Student@672872e1 - Duplicate entry '123546851' for key 'student.PRIMARY'
ERROR: Error adding student: org.cst8288Lab2.domain.Student@32910148 - Duplicate entry '321561982' for key 'student.PRIMARY'
ERROR: Error adding course: org.cst8288Lab2.domain.Course@3f56875e - Duplicate entry 'cst8288' for key 'course.PRIMARY'
ERROR: Error adding course: org.cst8288Lab2.domain.Course@2b4bac49 - Duplicate entry 'cst8288' for key 'course.PRIMARY'
ERROR: Error adding studentCourse: org.cst8288Lab2.domain.StudentCourse@fd07cbb - Duplicate entry '123546851-cst8288' for key 'studentcourse.PRIMARY'
ERROR: Error adding studentCourse: org.cst8288Lab2.domain.StudentCourse@3571b748 - Duplicate entry '321561982-cst8288' for key 'studentcourse.PRIMARY'
INFO: Generated reports.
INFO: Loaded database properties.
INFO: Connected to the database.
DEBUG: Line 3: Invalid studentId - 9861534S2
DEBUG: Line 3: Invalid courseId - mat1101A
DEBUG: Line 3: Invalid year - 2025
WARN: Line 3: Invalid studentId; Invalid courseId; Invalid year; 
DEBUG: Line 4: Invalid studentId - 3215619823
DEBUG: Line 4: Invalid year - 1955
WARN: Line 4: Invalid studentId; Invalid year; 
ERROR: Error adding student: org.cst8288Lab2.domain.Student@672872e1 - Duplicate entry '123546851' for key 'student.PRIMARY'
ERROR: Error adding student: org.cst8288Lab2.domain.Student@32910148 - Duplicate entry '321561982' for key 'student.PRIMARY'
ERROR: Error adding course: org.cst8288Lab2.domain.Course@3f56875e - Duplicate entry 'cst8288' for key 'course.PRIMARY'
ERROR: Error adding course: org.cst8288Lab2.domain.Course@2b4bac49 - Duplicate entry 'cst8288' for key 'course.PRIMARY'
ERROR: Error adding studentCourse: org.cst8288Lab2.domain.StudentCourse@fd07cbb - Duplicate entry '123546851-cst8288' for key 'studentcourse.PRIMARY'
ERROR: Error adding studentCourse: org.cst8288Lab2.domain.StudentCourse@3571b748 - Duplicate entry '321561982-cst8288' for key 'studentcourse.PRIMARY'
INFO: Generated reports.
INFO: Loaded database properties.
INFO: Connected to the database.
DEBUG: Line 3: Invalid studentId - 9861534S2
DEBUG: Line 3: Invalid courseId - mat1101A
DEBUG: Line 3: Invalid year - 2025
WARN: Line 3: Invalid studentId; Invalid courseId; Invalid year; 
DEBUG: Line 4: Invalid studentId - 3215619823
DEBUG: Line 4: Invalid year - 1955
WARN: Line 4: Invalid studentId; Invalid year; 
ERROR: Error adding student: org.cst8288Lab2.domain.Student@672872e1 - Duplicate entry '123546851' for key 'student.PRIMARY'
ERROR: Error adding student: org.cst8288Lab2.domain.Student@32910148 - Duplicate entry '321561982' for key 'student.PRIMARY'
ERROR: Error adding course: org.cst8288Lab2.domain.Course@3f56875e - Duplicate entry 'cst8288' for key 'course.PRIMARY'
ERROR: Error adding course: org.cst8288Lab2.domain.Course@2b4bac49 - Duplicate entry 'cst8288' for key 'course.PRIMARY'
ERROR: Error adding studentCourse: org.cst8288Lab2.domain.StudentCourse@fd07cbb - Duplicate entry '123546851-cst8288' for key 'studentcourse.PRIMARY'
ERROR: Error adding studentCourse: org.cst8288Lab2.domain.StudentCourse@3571b748 - Duplicate entry '321561982-cst8288' for key 'studentcourse.PRIMARY'
INFO: Generated reports.
INFO: Loaded database properties.
INFO: Connected to the database.
DEBUG: Line 3: Invalid studentId - 9861534S2
DEBUG: Line 3: Invalid courseId - mat1101A
DEBUG: Line 3: Invalid year - 2025
WARN: Line 3: Invalid studentId; Invalid courseId; Invalid year; 
DEBUG: Line 4: Invalid studentId - 3215619823
DEBUG: Line 4: Invalid year - 1955
WARN: Line 4: Invalid studentId; Invalid year; 
ERROR: Error adding student: org.cst8288Lab2.domain.Student@672872e1 - Duplicate entry '123546851' for key 'student.PRIMARY'
ERROR: Error adding student: org.cst8288Lab2.domain.Student@32910148 - Duplicate entry '321561982' for key 'student.PRIMARY'
ERROR: Error adding course: org.cst8288Lab2.domain.Course@3f56875e - Duplicate entry 'cst8288' for key 'course.PRIMARY'
ERROR: Error adding course: org.cst8288Lab2.domain.Course@2b4bac49 - Duplicate entry 'cst8288' for key 'course.PRIMARY'
ERROR: Error adding studentCourse: org.cst8288Lab2.domain.StudentCourse@fd07cbb - Duplicate entry '123546851-cst8288' for key 'studentcourse.PRIMARY'
ERROR: Error adding studentCourse: org.cst8288Lab2.domain.StudentCourse@3571b748 - Duplicate entry '321561982-cst8288' for key 'studentcourse.PRIMARY'
INFO: Generated reports.
INFO: Loaded database properties.
INFO: Connected to the database.
DEBUG: Line 3: Invalid studentId - 9861534S2
DEBUG: Line 3: Invalid courseId - mat1101A
DEBUG: Line 3: Invalid year - 2025
WARN: Line 3: Invalid studentId; Invalid courseId; Invalid year; 
DEBUG: Line 4: Invalid studentId - 3215619823
DEBUG: Line 4: Invalid year - 1955
WARN: Line 4: Invalid studentId; Invalid year; 
INFO: Added student to DB: org.cst8288Lab2.domain.Student@762ef0ea
INFO: Added student to DB: org.cst8288Lab2.domain.Student@424e1977
INFO: Added course to DB: org.cst8288Lab2.domain.Course@117e949d
ERROR: Error adding course: org.cst8288Lab2.domain.Course@3e96bacf - Duplicate entry 'cst8288' for key 'course.PRIMARY'
INFO: Added studentCourse to DB: org.cst8288Lab2.domain.StudentCourse@4470f8a6
INFO: Added studentCourse to DB: org.cst8288Lab2.domain.StudentCourse@7748410a
INFO: Generated reports.
INFO: Loaded database properties.
INFO: Connected to the database.
DEBUG: Line 3: Invalid studentId - 9861534S2
DEBUG: Line 3: Invalid courseId - mat1101A
DEBUG: Line 3: Invalid year - 2025
WARN: Line 3: Invalid studentId; Invalid courseId; Invalid year; 
DEBUG: Line 4: Invalid studentId - 3215619823
DEBUG: Line 4: Invalid year - 1955
WARN: Line 4: Invalid studentId; Invalid year; 
ERROR: Error adding student: org.cst8288Lab2.domain.Student@672872e1 - Duplicate entry '123546851' for key 'student.PRIMARY'
ERROR: Error adding student: org.cst8288Lab2.domain.Student@32910148 - Duplicate entry '321561982' for key 'student.PRIMARY'
ERROR: Error adding course: org.cst8288Lab2.domain.Course@3f56875e - Duplicate entry 'cst8288' for key 'course.PRIMARY'
ERROR: Error adding course: org.cst8288Lab2.domain.Course@2b4bac49 - Duplicate entry 'cst8288' for key 'course.PRIMARY'
ERROR: Error adding studentCourse: org.cst8288Lab2.domain.StudentCourse@fd07cbb - Duplicate entry '123546851-cst8288' for key 'studentcourse.PRIMARY'
ERROR: Error adding studentCourse: org.cst8288Lab2.domain.StudentCourse@3571b748 - Duplicate entry '321561982-cst8288' for key 'studentcourse.PRIMARY'
INFO: Generated reports.
